# JRE version: OpenJDK Runtime Environment (15.0.2+7) (build 15.0.2+7-27)
# Java VM: OpenJDK 64-Bit Server VM (15.0.2+7-27, mixed mode, tiered, compressed oops, g1 gc, windows-amd64)
GC Precious Log:
 CPUs: 4 total, 4 available
 Memory: 8105M
 Large Page Support: Disabled
 NUMA Support: Disabled
 Compressed Oops: Enabled (32-bit)
 Heap Region Size: 1M
 Heap Min Capacity: 8M
 Heap Initial Capacity: 128M
 Heap Max Capacity: 2028M
 Pre-touch: Disabled
 Parallel Workers: 4
 Concurrent Workers: 1
 Concurrent Refinement Workers: 4
 Periodic GC: Disabled
Heap:
 garbage-first heap   total 114688K, used 95773K [0x0000000081400000, 0x0000000100000000)
  region size 1024K, 55 young (56320K), 4 survivors (4096K)
 Metaspace       used 83152K, capacity 83912K, committed 84088K, reserved 1122304K
  class space    used 10512K, capacity 10734K, committed 10872K, reserved 1048576K
GC Heap History (20 events):
Event: 14.292 GC heap after
{Heap after GC invocations=31 (full 0):
 garbage-first heap   total 78848K, used 30451K [0x0000000081400000, 0x0000000100000000)
  region size 1024K, 5 young (5120K), 5 survivors (5120K)
 Metaspace       used 65087K, capacity 65550K, committed 65784K, reserved 1105920K
  class space    used 8124K, capacity 8313K, committed 8440K, reserved 1048576K
}
Event: 14.925 GC heap before
{Heap before GC invocations=31 (full 0):
 garbage-first heap   total 78848K, used 64243K [0x0000000081400000, 0x0000000100000000)
  region size 1024K, 38 young (38912K), 5 survivors (5120K)
 Metaspace       used 68379K, capacity 68902K, committed 69240K, reserved 1110016K
  class space    used 8536K, capacity 8704K, committed 8824K, reserved 1048576K
}
Event: 14.935 GC heap after
{Heap after GC invocations=32 (full 0):
 garbage-first heap   total 78848K, used 31412K [0x0000000081400000, 0x0000000100000000)
  region size 1024K, 4 young (4096K), 4 survivors (4096K)
 Metaspace       used 68379K, capacity 68902K, committed 69240K, reserved 1110016K
  class space    used 8536K, capacity 8704K, committed 8824K, reserved 1048576K
}
Event: 15.633 GC heap before
{Heap before GC invocations=32 (full 0):
 garbage-first heap   total 78848K, used 64180K [0x0000000081400000, 0x0000000100000000)
  region size 1024K, 36 young (36864K), 4 survivors (4096K)
 Metaspace       used 70933K, capacity 71495K, committed 71544K, reserved 1112064K
  class space    used 8836K, capacity 9031K, committed 9080K, reserved 1048576K
}
Event: 15.642 GC heap after
{Heap after GC invocations=33 (full 0):
 garbage-first heap   total 95232K, used 32523K [0x0000000081400000, 0x0000000100000000)
  region size 1024K, 3 young (3072K), 3 survivors (3072K)
 Metaspace       used 70933K, capacity 71495K, committed 71544K, reserved 1112064K
  class space    used 8836K, capacity 9031K, committed 9080K, reserved 1048576K
}
Event: 16.886 GC heap before
{Heap before GC invocations=33 (full 0):
 garbage-first heap   total 95232K, used 77579K [0x0000000081400000, 0x0000000100000000)
  region size 1024K, 47 young (48128K), 3 survivors (3072K)
 Metaspace       used 73303K, capacity 73831K, committed 73976K, reserved 1114112K
  class space    used 9136K, capacity 9336K, committed 9464K, reserved 1048576K
}
Event: 16.896 GC heap after
{Heap after GC invocations=34 (full 0):
 garbage-first heap   total 95232K, used 34206K [0x0000000081400000, 0x0000000100000000)
  region size 1024K, 4 young (4096K), 4 survivors (4096K)
 Metaspace       used 73303K, capacity 73831K, committed 73976K, reserved 1114112K
  class space    used 9136K, capacity 9336K, committed 9464K, reserved 1048576K
}
Event: 17.993 GC heap before
{Heap before GC invocations=34 (full 0):
 garbage-first heap   total 95232K, used 79262K [0x0000000081400000, 0x0000000100000000)
  region size 1024K, 48 young (49152K), 4 survivors (4096K)
 Metaspace       used 75499K, capacity 76066K, committed 76280K, reserved 1116160K
  class space    used 9483K, capacity 9696K, committed 9720K, reserved 1048576K
}
Event: 18.010 GC heap after
{Heap after GC invocations=35 (full 0):
 garbage-first heap   total 95232K, used 37454K [0x0000000081400000, 0x0000000100000000)
  region size 1024K, 6 young (6144K), 6 survivors (6144K)
 Metaspace       used 75499K, capacity 76066K, committed 76280K, reserved 1116160K
  class space    used 9483K, capacity 9696K, committed 9720K, reserved 1048576K
}
Event: 19.285 GC heap before
{Heap before GC invocations=35 (full 0):
 garbage-first heap   total 95232K, used 78414K [0x0000000081400000, 0x0000000100000000)
  region size 1024K, 46 young (47104K), 6 survivors (6144K)
 Metaspace       used 77097K, capacity 77666K, committed 77816K, reserved 1118208K
  class space    used 9708K, capacity 9902K, committed 9976K, reserved 1048576K
}
Event: 19.301 GC heap after
{Heap after GC invocations=36 (full 0):
 garbage-first heap   total 95232K, used 41142K [0x0000000081400000, 0x0000000100000000)
  region size 1024K, 4 young (4096K), 4 survivors (4096K)
 Metaspace       used 77097K, capacity 77666K, committed 77816K, reserved 1118208K
  class space    used 9708K, capacity 9902K, committed 9976K, reserved 1048576K
}
Event: 20.286 GC heap before
{Heap before GC invocations=36 (full 0):
 garbage-first heap   total 95232K, used 76982K [0x0000000081400000, 0x0000000100000000)
  region size 1024K, 39 young (39936K), 4 survivors (4096K)
 Metaspace       used 79765K, capacity 80430K, committed 80504K, reserved 1120256K
  class space    used 10083K, capacity 10306K, committed 10360K, reserved 1048576K
}
Event: 20.297 GC heap after
{Heap after GC invocations=37 (full 0):
 garbage-first heap   total 114688K, used 42618K [0x0000000081400000, 0x0000000100000000)
  region size 1024K, 3 young (3072K), 3 survivors (3072K)
 Metaspace       used 79765K, capacity 80430K, committed 80504K, reserved 1120256K
  class space    used 10083K, capacity 10306K, committed 10360K, reserved 1048576K
}
Event: 6676.748 GC heap before
{Heap before GC invocations=37 (full 0):
 garbage-first heap   total 114688K, used 92794K [0x0000000081400000, 0x0000000100000000)
  region size 1024K, 52 young (53248K), 3 survivors (3072K)
 Metaspace       used 82827K, capacity 83567K, committed 83832K, reserved 1122304K
  class space    used 10508K, capacity 10730K, committed 10872K, reserved 1048576K
}
Event: 6676.760 GC heap after
{Heap after GC invocations=38 (full 0):
 garbage-first heap   total 114688K, used 43317K [0x0000000081400000, 0x0000000100000000)
  region size 1024K, 4 young (4096K), 4 survivors (4096K)
 Metaspace       used 82827K, capacity 83567K, committed 83832K, reserved 1122304K
  class space    used 10508K, capacity 10730K, committed 10872K, reserved 1048576K
}
Event: 8463.318 GC heap before
{Heap before GC invocations=38 (full 0):
 garbage-first heap   total 114688K, used 92469K [0x0000000081400000, 0x0000000100000000)
  region size 1024K, 53 young (54272K), 4 survivors (4096K)
 Metaspace       used 82973K, capacity 83719K, committed 84088K, reserved 1122304K
  class space    used 10511K, capacity 10734K, committed 10872K, reserved 1048576K
}
Event: 8463.327 GC heap after
{Heap after GC invocations=39 (full 0):
 garbage-first heap   total 114688K, used 43359K [0x0000000081400000, 0x0000000100000000)
  region size 1024K, 4 young (4096K), 4 survivors (4096K)
 Metaspace       used 82973K, capacity 83719K, committed 84088K, reserved 1122304K
  class space    used 10511K, capacity 10734K, committed 10872K, reserved 1048576K
}
Event: 21756.171 GC heap before
{Heap before GC invocations=39 (full 0):
 garbage-first heap   total 114688K, used 94559K [0x0000000081400000, 0x0000000100000000)
  region size 1024K, 54 young (55296K), 4 survivors (4096K)
 Metaspace       used 83065K, capacity 83783K, committed 84088K, reserved 1122304K
  class space    used 10512K, capacity 10734K, committed 10872K, reserved 1048576K
}
Event: 21756.181 GC heap after
{Heap after GC invocations=40 (full 0):
 garbage-first heap   total 114688K, used 43549K [0x0000000081400000, 0x0000000100000000)
  region size 1024K, 4 young (4096K), 4 survivors (4096K)
 Metaspace       used 83065K, capacity 83783K, committed 84088K, reserved 1122304K
  class space    used 10512K, capacity 10734K, committed 10872K, reserved 1048576K
}
Event: 23551.906 GC heap before
{Heap before GC invocations=40 (full 0):
 garbage-first heap   total 114688K, used 95773K [0x0000000081400000, 0x0000000100000000)
  region size 1024K, 55 young (56320K), 4 survivors (4096K)
 Metaspace       used 83152K, capacity 83912K, committed 84088K, reserved 1122304K
  class space    used 10512K, capacity 10734K, committed 10872K, reserved 1048576K
}

